[29-Jul-2024 19:37:00 UTC] Erreur d’événement de replanification de tâche pour le crochet action_scheduler_run_queue. Code d’erreur : invalid_schedule. Message d’erreur : L’évènement planifié n’existe pas.. Données : {"schedule":"every_minute","args":["WP Cron"],"interval":60}
[29-Jul-2024 19:38:00 UTC] Erreur d’événement de replanification de tâche pour le crochet fluentform_do_scheduled_tasks. Code d’erreur : invalid_schedule. Message d’erreur : L’évènement planifié n’existe pas.. Données : {"schedule":"ff_every_five_minutes","args":[],"interval":300}
[30-Jul-2024 13:05:16 UTC] PHP Parse error:  Unclosed '{' on line 33 in /Users/blacksky971/Local Sites/planty/app/public/wp-content/themes/astra-child/functions.php on line 35
[30-Jul-2024 13:05:16 UTC] PHP Warning:  Trying to access array offset on value of type bool in /Users/blacksky971/Local Sites/planty/app/public/wp-includes/class-wp-recovery-mode-email-service.php on line 367
[30-Jul-2024 13:05:16 UTC] PHP Warning:  Trying to access array offset on value of type bool in /Users/blacksky971/Local Sites/planty/app/public/wp-includes/class-wp-recovery-mode-email-service.php on line 368
[30-Jul-2024 13:05:18 UTC] PHP Parse error:  Unclosed '{' on line 33 in /Users/blacksky971/Local Sites/planty/app/public/wp-content/themes/astra-child/functions.php on line 35
[30-Jul-2024 13:06:01 UTC] PHP Fatal error:  Cannot redeclare theme_enqueue_styles() (previously declared in /Users/blacksky971/Local Sites/planty/app/public/wp-content/themes/astra-child/functions.php:29) in /Users/blacksky971/Local Sites/planty/app/public/wp-content/themes/astra-child/functions.php on line 35
[30-Jul-2024 13:11:19 UTC] Automatic updates starting...
[30-Jul-2024 13:11:19 UTC]   Automatic plugin updates starting...
[30-Jul-2024 13:11:19 UTC]   Automatic plugin updates complete.
[30-Jul-2024 13:11:19 UTC]   Automatic theme updates starting...
[30-Jul-2024 13:11:19 UTC]   Automatic theme updates complete.
[30-Jul-2024 13:11:19 UTC] Automatic updates complete.
[30-Jul-2024 15:16:24 UTC] Automatic updates starting...
[30-Jul-2024 15:16:24 UTC]   Automatic plugin updates starting...
[30-Jul-2024 15:16:24 UTC]   Automatic plugin updates complete.
[30-Jul-2024 15:16:25 UTC]   Automatic theme updates starting...
[30-Jul-2024 15:16:25 UTC]   Automatic theme updates complete.
[30-Jul-2024 15:16:25 UTC] Automatic updates complete.
[01-Aug-2024 03:11:46 UTC] Automatic updates starting...
[01-Aug-2024 03:11:46 UTC]   Automatic plugin updates starting...
[01-Aug-2024 03:11:46 UTC]   Automatic plugin updates complete.
[01-Aug-2024 03:11:47 UTC]   Automatic theme updates starting...
[01-Aug-2024 03:11:47 UTC]   Automatic theme updates complete.
[01-Aug-2024 03:11:47 UTC] Automatic updates complete.
[01-Aug-2024 03:18:00 UTC] Automatic updates starting...
[01-Aug-2024 03:18:00 UTC]   Automatic plugin updates starting...
[01-Aug-2024 03:18:00 UTC]   Automatic plugin updates complete.
[01-Aug-2024 03:18:00 UTC]   Automatic theme updates starting...
[01-Aug-2024 03:18:00 UTC]   Automatic theme updates complete.
[01-Aug-2024 03:18:00 UTC] Automatic updates complete.
[01-Aug-2024 16:12:42 UTC] Automatic updates starting...
[01-Aug-2024 16:12:42 UTC]   Automatic plugin updates starting...
[01-Aug-2024 16:12:42 UTC]   Automatic plugin updates complete.
[01-Aug-2024 16:12:42 UTC]   Automatic theme updates starting...
[01-Aug-2024 16:12:43 UTC]   Automatic theme updates complete.
[01-Aug-2024 16:12:43 UTC] Automatic updates complete.
[02-Aug-2024 05:25:56 UTC] Automatic updates starting...
[02-Aug-2024 05:25:56 UTC]   Automatic plugin updates starting...
[02-Aug-2024 05:25:56 UTC]   Automatic plugin updates complete.
[02-Aug-2024 05:25:56 UTC]   Automatic theme updates starting...
[02-Aug-2024 05:25:56 UTC]   Automatic theme updates complete.
[02-Aug-2024 05:25:56 UTC] Automatic updates complete.
[02-Aug-2024 15:17:45 UTC] Automatic updates starting...
[02-Aug-2024 15:17:46 UTC]   Automatic plugin updates starting...
[02-Aug-2024 15:17:46 UTC]   Automatic plugin updates complete.
[02-Aug-2024 15:17:46 UTC]   Automatic theme updates starting...
[02-Aug-2024 15:17:46 UTC]   Automatic theme updates complete.
[02-Aug-2024 15:17:46 UTC] Automatic updates complete.
[02-Aug-2024 19:45:00 UTC] PHP Parse error:  syntax error, unexpected token "<" in /Users/blacksky971/Local Sites/planty/app/public/wp-content/themes/astra-child/functions.php on line 33
[02-Aug-2024 19:45:00 UTC] PHP Warning:  Trying to access array offset on value of type bool in /Users/blacksky971/Local Sites/planty/app/public/wp-includes/class-wp-recovery-mode-email-service.php on line 367
[02-Aug-2024 19:45:00 UTC] PHP Warning:  Trying to access array offset on value of type bool in /Users/blacksky971/Local Sites/planty/app/public/wp-includes/class-wp-recovery-mode-email-service.php on line 368
[02-Aug-2024 19:45:02 UTC] PHP Parse error:  syntax error, unexpected token "<" in /Users/blacksky971/Local Sites/planty/app/public/wp-content/themes/astra-child/functions.php on line 33
[02-Aug-2024 19:45:03 UTC] PHP Parse error:  syntax error, unexpected token "<" in /Users/blacksky971/Local Sites/planty/app/public/wp-content/themes/astra-child/functions.php on line 33
[02-Aug-2024 19:45:05 UTC] PHP Parse error:  syntax error, unexpected token "<" in /Users/blacksky971/Local Sites/planty/app/public/wp-content/themes/astra-child/functions.php on line 33
[02-Aug-2024 19:45:43 UTC] PHP Parse error:  syntax error, unexpected token "<" in /Users/blacksky971/Local Sites/planty/app/public/wp-content/themes/astra-child/functions.php on line 33
[02-Aug-2024 19:45:46 UTC] PHP Parse error:  syntax error, unexpected token "<" in /Users/blacksky971/Local Sites/planty/app/public/wp-content/themes/astra-child/functions.php on line 33
[02-Aug-2024 19:46:00 UTC] PHP Parse error:  syntax error, unexpected token "<" in /Users/blacksky971/Local Sites/planty/app/public/wp-content/themes/astra-child/functions.php on line 33
[02-Aug-2024 19:46:17 UTC] PHP Parse error:  syntax error, unexpected identifier "href" in /Users/blacksky971/Local Sites/planty/app/public/wp-content/themes/astra-child/functions.php on line 33
[02-Aug-2024 19:47:12 UTC] PHP Parse error:  syntax error, unexpected token "<" in /Users/blacksky971/Local Sites/planty/app/public/wp-content/themes/astra-child/functions.php on line 33
[02-Aug-2024 19:48:00 UTC] PHP Parse error:  syntax error, unexpected token "<" in /Users/blacksky971/Local Sites/planty/app/public/wp-content/themes/astra-child/functions.php on line 33
[04-Aug-2024 19:04:17 UTC] Automatic updates starting...
[04-Aug-2024 19:04:18 UTC]   Automatic plugin updates starting...
[04-Aug-2024 19:04:18 UTC]   Automatic plugin updates complete.
[04-Aug-2024 19:04:18 UTC]   Automatic theme updates starting...
[04-Aug-2024 19:04:18 UTC]   Automatic theme updates complete.
[04-Aug-2024 19:04:18 UTC] Automatic updates complete.
[05-Aug-2024 12:09:05 UTC] PHP Warning:  wp_version_check(): Une erreur imprévue s’est produite. Il pourrait y avoir un problème avec WordPress.org ou la configuration de ce serveur. Si vous continuez à rencontrer ce problème, veuillez vous rendre sur les <a href="https://wpfr.net/support">forums de support</a>. (WordPress n’a pas pu établir de connexion sécurisée vers WordPress.org. Veuillez contacter l’administrateur ou l’administratrice de votre serveur.) in /Users/blacksky971/Local Sites/planty/app/public/wp-includes/functions.php on line 6085
[05-Aug-2024 12:09:05 UTC] PHP Warning:  wp_update_plugins(): Une erreur imprévue s’est produite. Il pourrait y avoir un problème avec WordPress.org ou la configuration de ce serveur. Si vous continuez à rencontrer ce problème, veuillez vous rendre sur les <a href="https://wpfr.net/support">forums de support</a>. (WordPress n’a pas pu établir de connexion sécurisée vers WordPress.org. Veuillez contacter l’administrateur ou l’administratrice de votre serveur.) in /Users/blacksky971/Local Sites/planty/app/public/wp-includes/functions.php on line 6085
[05-Aug-2024 12:09:05 UTC] PHP Warning:  wp_update_themes(): Une erreur imprévue s’est produite. Il pourrait y avoir un problème avec WordPress.org ou la configuration de ce serveur. Si vous continuez à rencontrer ce problème, veuillez vous rendre sur les <a href="https://wpfr.net/support">forums de support</a>. (WordPress n’a pas pu établir de connexion sécurisée vers WordPress.org. Veuillez contacter l’administrateur ou l’administratrice de votre serveur.) in /Users/blacksky971/Local Sites/planty/app/public/wp-includes/functions.php on line 6085
[05-Aug-2024 15:16:11 UTC] Automatic updates starting...
[05-Aug-2024 15:16:12 UTC]   Automatic plugin updates starting...
[05-Aug-2024 15:16:12 UTC]   Automatic plugin updates complete.
[05-Aug-2024 15:16:12 UTC]   Automatic theme updates starting...
[05-Aug-2024 15:16:12 UTC]   Automatic theme updates complete.
[05-Aug-2024 15:16:12 UTC] Automatic updates complete.
[06-Aug-2024 12:05:07 UTC] PHP Warning:  wp_version_check(): Une erreur imprévue s’est produite. Il pourrait y avoir un problème avec WordPress.org ou la configuration de ce serveur. Si vous continuez à rencontrer ce problème, veuillez vous rendre sur les <a href="https://wpfr.net/support">forums de support</a>. (WordPress n’a pas pu établir de connexion sécurisée vers WordPress.org. Veuillez contacter l’administrateur ou l’administratrice de votre serveur.) in /Users/blacksky971/Local Sites/planty/app/public/wp-includes/functions.php on line 6085
[06-Aug-2024 12:05:07 UTC] PHP Warning:  wp_update_plugins(): Une erreur imprévue s’est produite. Il pourrait y avoir un problème avec WordPress.org ou la configuration de ce serveur. Si vous continuez à rencontrer ce problème, veuillez vous rendre sur les <a href="https://wpfr.net/support">forums de support</a>. (WordPress n’a pas pu établir de connexion sécurisée vers WordPress.org. Veuillez contacter l’administrateur ou l’administratrice de votre serveur.) in /Users/blacksky971/Local Sites/planty/app/public/wp-includes/functions.php on line 6085
[06-Aug-2024 12:05:07 UTC] PHP Warning:  wp_update_themes(): Une erreur imprévue s’est produite. Il pourrait y avoir un problème avec WordPress.org ou la configuration de ce serveur. Si vous continuez à rencontrer ce problème, veuillez vous rendre sur les <a href="https://wpfr.net/support">forums de support</a>. (WordPress n’a pas pu établir de connexion sécurisée vers WordPress.org. Veuillez contacter l’administrateur ou l’administratrice de votre serveur.) in /Users/blacksky971/Local Sites/planty/app/public/wp-includes/functions.php on line 6085
[06-Aug-2024 15:16:22 UTC] PHP Warning:  wp_version_check(): Une erreur imprévue s’est produite. Il pourrait y avoir un problème avec WordPress.org ou la configuration de ce serveur. Si vous continuez à rencontrer ce problème, veuillez vous rendre sur les <a href="https://wpfr.net/support">forums de support</a>. (WordPress n’a pas pu établir de connexion sécurisée vers WordPress.org. Veuillez contacter l’administrateur ou l’administratrice de votre serveur.) in /Users/blacksky971/Local Sites/planty/app/public/wp-includes/functions.php on line 6085
[06-Aug-2024 15:16:22 UTC] PHP Warning:  wp_update_plugins(): Une erreur imprévue s’est produite. Il pourrait y avoir un problème avec WordPress.org ou la configuration de ce serveur. Si vous continuez à rencontrer ce problème, veuillez vous rendre sur les <a href="https://wpfr.net/support">forums de support</a>. (WordPress n’a pas pu établir de connexion sécurisée vers WordPress.org. Veuillez contacter l’administrateur ou l’administratrice de votre serveur.) in /Users/blacksky971/Local Sites/planty/app/public/wp-includes/functions.php on line 6085
[06-Aug-2024 15:16:22 UTC] PHP Warning:  wp_update_themes(): Une erreur imprévue s’est produite. Il pourrait y avoir un problème avec WordPress.org ou la configuration de ce serveur. Si vous continuez à rencontrer ce problème, veuillez vous rendre sur les <a href="https://wpfr.net/support">forums de support</a>. (WordPress n’a pas pu établir de connexion sécurisée vers WordPress.org. Veuillez contacter l’administrateur ou l’administratrice de votre serveur.) in /Users/blacksky971/Local Sites/planty/app/public/wp-includes/functions.php on line 6085
[08-Aug-2024 12:33:25 UTC] Automatic updates starting...
[08-Aug-2024 12:33:26 UTC]   Automatic plugin updates starting...
[08-Aug-2024 12:33:26 UTC]   Automatic plugin updates complete.
[08-Aug-2024 12:33:26 UTC]   Automatic theme updates starting...
[08-Aug-2024 12:33:26 UTC]   Automatic theme updates complete.
[08-Aug-2024 12:33:26 UTC] Automatic updates complete.
[09-Aug-2024 18:49:02 UTC] Automatic updates starting...
[09-Aug-2024 18:49:02 UTC]   Automatic plugin updates starting...
[09-Aug-2024 18:49:02 UTC]   Automatic plugin updates complete.
[09-Aug-2024 18:49:02 UTC]   Automatic theme updates starting...
[09-Aug-2024 18:49:02 UTC]   Automatic theme updates complete.
[09-Aug-2024 18:49:02 UTC] Automatic updates complete.
[10-Aug-2024 03:44:58 UTC] Automatic updates starting...
[10-Aug-2024 03:44:58 UTC]   Automatic plugin updates starting...
[10-Aug-2024 03:44:58 UTC]   Automatic plugin updates complete.
[10-Aug-2024 03:44:59 UTC]   Automatic theme updates starting...
[10-Aug-2024 03:44:59 UTC]   Automatic theme updates complete.
[10-Aug-2024 03:44:59 UTC] Automatic updates complete.
[10-Aug-2024 15:53:22 UTC] Automatic updates starting...
[10-Aug-2024 16:02:05 UTC] PHP Warning:  wp_update_plugins(): Une erreur imprévue s’est produite. Il pourrait y avoir un problème avec WordPress.org ou la configuration de ce serveur. Si vous continuez à rencontrer ce problème, veuillez vous rendre sur les <a href="https://wpfr.net/support">forums de support</a>. (WordPress n’a pas pu établir de connexion sécurisée vers WordPress.org. Veuillez contacter l’administrateur ou l’administratrice de votre serveur.) in /Users/blacksky971/Local Sites/planty/app/public/wp-includes/functions.php on line 6085
[10-Aug-2024 16:02:05 UTC]   Automatic plugin updates starting...
[10-Aug-2024 16:02:05 UTC]   Automatic plugin updates complete.
[10-Aug-2024 16:02:06 UTC]   Automatic theme updates starting...
[10-Aug-2024 16:02:06 UTC]   Automatic theme updates complete.
[10-Aug-2024 16:02:06 UTC] Automatic updates complete.
[11-Aug-2024 06:07:44 UTC] Automatic updates starting...
[11-Aug-2024 06:07:44 UTC]   Automatic plugin updates starting...
[11-Aug-2024 06:07:44 UTC]   Automatic plugin updates complete.
[11-Aug-2024 06:07:45 UTC]   Automatic theme updates starting...
[11-Aug-2024 06:07:45 UTC]   Automatic theme updates complete.
[11-Aug-2024 06:07:45 UTC] Automatic updates complete.
[11-Aug-2024 15:47:22 UTC] Automatic updates starting...
[11-Aug-2024 15:47:23 UTC]   Automatic plugin updates starting...
[11-Aug-2024 15:47:23 UTC]   Automatic plugin updates complete.
[11-Aug-2024 15:47:23 UTC]   Automatic theme updates starting...
[11-Aug-2024 15:47:23 UTC]   Automatic theme updates complete.
[11-Aug-2024 15:47:23 UTC] Automatic updates complete.
[12-Aug-2024 04:10:27 UTC] Automatic updates starting...
[12-Aug-2024 04:10:27 UTC]   Automatic plugin updates starting...
[12-Aug-2024 04:10:27 UTC]   Automatic plugin updates complete.
[12-Aug-2024 04:10:27 UTC]   Automatic theme updates starting...
[12-Aug-2024 04:10:27 UTC]   Automatic theme updates complete.
[12-Aug-2024 04:10:27 UTC] Automatic updates complete.
[12-Aug-2024 15:17:28 UTC] PHP Warning:  wp_version_check(): Une erreur imprévue s’est produite. Il pourrait y avoir un problème avec WordPress.org ou la configuration de ce serveur. Si vous continuez à rencontrer ce problème, veuillez vous rendre sur les <a href="https://wpfr.net/support">forums de support</a>. (WordPress n’a pas pu établir de connexion sécurisée vers WordPress.org. Veuillez contacter l’administrateur ou l’administratrice de votre serveur.) in /Users/blacksky971/Local Sites/planty/app/public/wp-includes/functions.php on line 6085
[12-Aug-2024 15:17:28 UTC] PHP Warning:  wp_update_plugins(): Une erreur imprévue s’est produite. Il pourrait y avoir un problème avec WordPress.org ou la configuration de ce serveur. Si vous continuez à rencontrer ce problème, veuillez vous rendre sur les <a href="https://wpfr.net/support">forums de support</a>. (WordPress n’a pas pu établir de connexion sécurisée vers WordPress.org. Veuillez contacter l’administrateur ou l’administratrice de votre serveur.) in /Users/blacksky971/Local Sites/planty/app/public/wp-includes/functions.php on line 6085
[12-Aug-2024 15:17:28 UTC] PHP Warning:  wp_update_themes(): Une erreur imprévue s’est produite. Il pourrait y avoir un problème avec WordPress.org ou la configuration de ce serveur. Si vous continuez à rencontrer ce problème, veuillez vous rendre sur les <a href="https://wpfr.net/support">forums de support</a>. (WordPress n’a pas pu établir de connexion sécurisée vers WordPress.org. Veuillez contacter l’administrateur ou l’administratrice de votre serveur.) in /Users/blacksky971/Local Sites/planty/app/public/wp-includes/functions.php on line 6085
[13-Aug-2024 04:26:54 UTC] Automatic updates starting...
[13-Aug-2024 04:26:54 UTC]   Automatic plugin updates starting...
[13-Aug-2024 04:26:54 UTC]   Automatic plugin updates complete.
[13-Aug-2024 04:26:55 UTC]   Automatic theme updates starting...
[13-Aug-2024 04:26:55 UTC]   Automatic theme updates complete.
[13-Aug-2024 04:26:55 UTC] Automatic updates complete.
[14-Aug-2024 17:40:21 UTC] PHP Warning:  mysqli_real_connect(): (HY000/2002): No such file or directory in /Users/blacksky971/Local Sites/planty/app/public/wp-includes/class-wpdb.php on line 1982
[14-Aug-2024 17:40:22 UTC] PHP Warning:  mysqli_real_connect(): (HY000/2002): No such file or directory in /Users/blacksky971/Local Sites/planty/app/public/wp-includes/class-wpdb.php on line 1982
[14-Aug-2024 17:40:22 UTC] PHP Warning:  mysqli_real_connect(): (HY000/2002): No such file or directory in /Users/blacksky971/Local Sites/planty/app/public/wp-includes/class-wpdb.php on line 1982
[14-Aug-2024 17:40:25 UTC] Automatic updates starting...
[14-Aug-2024 17:40:25 UTC]   Automatic plugin updates starting...
[14-Aug-2024 17:40:25 UTC]   Automatic plugin updates complete.
[14-Aug-2024 17:40:25 UTC]   Automatic theme updates starting...
[14-Aug-2024 17:40:25 UTC]   Automatic theme updates complete.
[14-Aug-2024 17:40:25 UTC] Automatic updates complete.
